[      75ms] [INFO] %cDownload the React DevTools for a better development experience: https://reactjs.org/link/react-devtools font-weight:bold @ http://localhost:1420/node_modules/.vite/deps/chunk-KDCVS43I.js?v=c067e6fd:21608
[      85ms] [ERROR] TypeError: Cannot read properties of undefined (reading 'invoke')
    at invoke (http://localhost:1420/node_modules/.vite/deps/@tauri-apps_api_core.js?v=c18ccd54:111:37)
    at http://localhost:1420/src/pages/TemplatesPage.tsx?t=1780022532771:58:11
    at http://localhost:1420/src/pages/TemplatesPage.tsx?t=1780022532771:71:5
    at commitHookEffectListMount (http://localhost:1420/node_modules/.vite/deps/chunk-KDCVS43I.js?v=c067e6fd:16963:34)
    at commitPassiveMountOnFiber (http://localhost:1420/node_modules/.vite/deps/chunk-KDCVS43I.js?v=c067e6fd:18206:19)
    at commitPassiveMountEffects_complete (http://localhost:1420/node_modules/.vite/deps/chunk-KDCVS43I.js?v=c067e6fd:18179:17)
    at commitPassiveMountEffects_begin (http://localhost:1420/node_modules/.vite/deps/chunk-KDCVS43I.js?v=c067e6fd:18169:15)
    at commitPassiveMountEffects (http://localhost:1420/node_modules/.vite/deps/chunk-KDCVS43I.js?v=c067e6fd:18159:11)
    at flushPassiveEffectsImpl (http://localhost:1420/node_modules/.vite/deps/chunk-KDCVS43I.js?v=c067e6fd:19543:11)
    at flushPassiveEffects (http://localhost:1420/node_modules/.vite/deps/chunk-KDCVS43I.js?v=c067e6fd:19500:22) @ http://localhost:1420/src/pages/TemplatesPage.tsx?t=1780022532771:64
[      86ms] [ERROR] TypeError: Cannot read properties of undefined (reading 'invoke')
    at invoke (http://localhost:1420/node_modules/.vite/deps/@tauri-apps_api_core.js?v=c18ccd54:111:37)
    at http://localhost:1420/src/pages/TemplatesPage.tsx?t=1780022532771:58:11
    at http://localhost:1420/src/pages/TemplatesPage.tsx?t=1780022532771:71:5
    at commitHookEffectListMount (http://localhost:1420/node_modules/.vite/deps/chunk-KDCVS43I.js?v=c067e6fd:16963:34)
    at invokePassiveEffectMountInDEV (http://localhost:1420/node_modules/.vite/deps/chunk-KDCVS43I.js?v=c067e6fd:18374:19)
    at invokeEffectsInDev (http://localhost:1420/node_modules/.vite/deps/chunk-KDCVS43I.js?v=c067e6fd:19754:19)
    at commitDoubleInvokeEffectsInDEV (http://localhost:1420/node_modules/.vite/deps/chunk-KDCVS43I.js?v=c067e6fd:19739:15)
    at flushPassiveEffectsImpl (http://localhost:1420/node_modules/.vite/deps/chunk-KDCVS43I.js?v=c067e6fd:19556:13)
    at flushPassiveEffects (http://localhost:1420/node_modules/.vite/deps/chunk-KDCVS43I.js?v=c067e6fd:19500:22)
    at http://localhost:1420/node_modules/.vite/deps/chunk-KDCVS43I.js?v=c067e6fd:19381:17 @ http://localhost:1420/src/pages/TemplatesPage.tsx?t=1780022532771:64
[  196610ms] [ERROR] TypeError: Cannot read properties of undefined (reading 'invoke')
    at invoke (http://localhost:1420/node_modules/.vite/deps/@tauri-apps_api_core.js?v=c18ccd54:111:37)
    at http://localhost:1420/src/pages/InspectionPage.tsx:56:11
    at http://localhost:1420/src/pages/InspectionPage.tsx:69:5
    at commitHookEffectListMount (http://localhost:1420/node_modules/.vite/deps/chunk-KDCVS43I.js?v=c067e6fd:16963:34)
    at commitPassiveMountOnFiber (http://localhost:1420/node_modules/.vite/deps/chunk-KDCVS43I.js?v=c067e6fd:18206:19)
    at commitPassiveMountEffects_complete (http://localhost:1420/node_modules/.vite/deps/chunk-KDCVS43I.js?v=c067e6fd:18179:17)
    at commitPassiveMountEffects_begin (http://localhost:1420/node_modules/.vite/deps/chunk-KDCVS43I.js?v=c067e6fd:18169:15)
    at commitPassiveMountEffects (http://localhost:1420/node_modules/.vite/deps/chunk-KDCVS43I.js?v=c067e6fd:18159:11)
    at flushPassiveEffectsImpl (http://localhost:1420/node_modules/.vite/deps/chunk-KDCVS43I.js?v=c067e6fd:19543:11)
    at flushPassiveEffects (http://localhost:1420/node_modules/.vite/deps/chunk-KDCVS43I.js?v=c067e6fd:19500:22) @ http://localhost:1420/src/pages/InspectionPage.tsx:62
[  196611ms] [ERROR] TypeError: Cannot read properties of undefined (reading 'invoke')
    at invoke (http://localhost:1420/node_modules/.vite/deps/@tauri-apps_api_core.js?v=c18ccd54:111:37)
    at http://localhost:1420/src/pages/InspectionPage.tsx:56:11
    at http://localhost:1420/src/pages/InspectionPage.tsx:69:5
    at commitHookEffectListMount (http://localhost:1420/node_modules/.vite/deps/chunk-KDCVS43I.js?v=c067e6fd:16963:34)
    at invokePassiveEffectMountInDEV (http://localhost:1420/node_modules/.vite/deps/chunk-KDCVS43I.js?v=c067e6fd:18374:19)
    at invokeEffectsInDev (http://localhost:1420/node_modules/.vite/deps/chunk-KDCVS43I.js?v=c067e6fd:19754:19)
    at commitDoubleInvokeEffectsInDEV (http://localhost:1420/node_modules/.vite/deps/chunk-KDCVS43I.js?v=c067e6fd:19739:15)
    at flushPassiveEffectsImpl (http://localhost:1420/node_modules/.vite/deps/chunk-KDCVS43I.js?v=c067e6fd:19556:13)
    at flushPassiveEffects (http://localhost:1420/node_modules/.vite/deps/chunk-KDCVS43I.js?v=c067e6fd:19500:22)
    at http://localhost:1420/node_modules/.vite/deps/chunk-KDCVS43I.js?v=c067e6fd:19381:17 @ http://localhost:1420/src/pages/InspectionPage.tsx:62
[  197426ms] [ERROR] TypeError: Cannot read properties of undefined (reading 'invoke')
    at invoke (http://localhost:1420/node_modules/.vite/deps/@tauri-apps_api_core.js?v=c18ccd54:111:37)
    at http://localhost:1420/src/pages/ReportsPage.tsx:143:11
    at http://localhost:1420/src/pages/ReportsPage.tsx:156:5
    at commitHookEffectListMount (http://localhost:1420/node_modules/.vite/deps/chunk-KDCVS43I.js?v=c067e6fd:16963:34)
    at commitPassiveMountOnFiber (http://localhost:1420/node_modules/.vite/deps/chunk-KDCVS43I.js?v=c067e6fd:18206:19)
    at commitPassiveMountEffects_complete (http://localhost:1420/node_modules/.vite/deps/chunk-KDCVS43I.js?v=c067e6fd:18179:17)
    at commitPassiveMountEffects_begin (http://localhost:1420/node_modules/.vite/deps/chunk-KDCVS43I.js?v=c067e6fd:18169:15)
    at commitPassiveMountEffects (http://localhost:1420/node_modules/.vite/deps/chunk-KDCVS43I.js?v=c067e6fd:18159:11)
    at flushPassiveEffectsImpl (http://localhost:1420/node_modules/.vite/deps/chunk-KDCVS43I.js?v=c067e6fd:19543:11)
    at flushPassiveEffects (http://localhost:1420/node_modules/.vite/deps/chunk-KDCVS43I.js?v=c067e6fd:19500:22) @ http://localhost:1420/src/pages/ReportsPage.tsx:149
[  197427ms] [ERROR] TypeError: Cannot read properties of undefined (reading 'invoke')
    at invoke (http://localhost:1420/node_modules/.vite/deps/@tauri-apps_api_core.js?v=c18ccd54:111:37)
    at http://localhost:1420/src/pages/ReportsPage.tsx:143:11
    at http://localhost:1420/src/pages/ReportsPage.tsx:156:5
    at commitHookEffectListMount (http://localhost:1420/node_modules/.vite/deps/chunk-KDCVS43I.js?v=c067e6fd:16963:34)
    at invokePassiveEffectMountInDEV (http://localhost:1420/node_modules/.vite/deps/chunk-KDCVS43I.js?v=c067e6fd:18374:19)
    at invokeEffectsInDev (http://localhost:1420/node_modules/.vite/deps/chunk-KDCVS43I.js?v=c067e6fd:19754:19)
    at commitDoubleInvokeEffectsInDEV (http://localhost:1420/node_modules/.vite/deps/chunk-KDCVS43I.js?v=c067e6fd:19739:15)
    at flushPassiveEffectsImpl (http://localhost:1420/node_modules/.vite/deps/chunk-KDCVS43I.js?v=c067e6fd:19556:13)
    at flushPassiveEffects (http://localhost:1420/node_modules/.vite/deps/chunk-KDCVS43I.js?v=c067e6fd:19500:22)
    at http://localhost:1420/node_modules/.vite/deps/chunk-KDCVS43I.js?v=c067e6fd:19381:17 @ http://localhost:1420/src/pages/ReportsPage.tsx:149
[  198011ms] [ERROR] TypeError: Cannot read properties of undefined (reading 'invoke')
    at invoke (http://localhost:1420/node_modules/.vite/deps/@tauri-apps_api_core.js?v=c18ccd54:111:37)
    at http://localhost:1420/src/pages/AiConfigPage.tsx:51:26
    at http://localhost:1420/src/pages/AiConfigPage.tsx:60:5
    at commitHookEffectListMount (http://localhost:1420/node_modules/.vite/deps/chunk-KDCVS43I.js?v=c067e6fd:16963:34)
    at commitPassiveMountOnFiber (http://localhost:1420/node_modules/.vite/deps/chunk-KDCVS43I.js?v=c067e6fd:18206:19)
    at commitPassiveMountEffects_complete (http://localhost:1420/node_modules/.vite/deps/chunk-KDCVS43I.js?v=c067e6fd:18179:17)
    at commitPassiveMountEffects_begin (http://localhost:1420/node_modules/.vite/deps/chunk-KDCVS43I.js?v=c067e6fd:18169:15)
    at commitPassiveMountEffects (http://localhost:1420/node_modules/.vite/deps/chunk-KDCVS43I.js?v=c067e6fd:18159:11)
    at flushPassiveEffectsImpl (http://localhost:1420/node_modules/.vite/deps/chunk-KDCVS43I.js?v=c067e6fd:19543:11)
    at flushPassiveEffects (http://localhost:1420/node_modules/.vite/deps/chunk-KDCVS43I.js?v=c067e6fd:19500:22) @ http://localhost:1420/src/pages/AiConfigPage.tsx:53
[  198012ms] [ERROR] TypeError: Cannot read properties of undefined (reading 'invoke')
    at invoke (http://localhost:1420/node_modules/.vite/deps/@tauri-apps_api_core.js?v=c18ccd54:111:37)
    at http://localhost:1420/src/pages/AiConfigPage.tsx:51:26
    at http://localhost:1420/src/pages/AiConfigPage.tsx:60:5
    at commitHookEffectListMount (http://localhost:1420/node_modules/.vite/deps/chunk-KDCVS43I.js?v=c067e6fd:16963:34)
    at invokePassiveEffectMountInDEV (http://localhost:1420/node_modules/.vite/deps/chunk-KDCVS43I.js?v=c067e6fd:18374:19)
    at invokeEffectsInDev (http://localhost:1420/node_modules/.vite/deps/chunk-KDCVS43I.js?v=c067e6fd:19754:19)
    at commitDoubleInvokeEffectsInDEV (http://localhost:1420/node_modules/.vite/deps/chunk-KDCVS43I.js?v=c067e6fd:19739:15)
    at flushPassiveEffectsImpl (http://localhost:1420/node_modules/.vite/deps/chunk-KDCVS43I.js?v=c067e6fd:19556:13)
    at flushPassiveEffects (http://localhost:1420/node_modules/.vite/deps/chunk-KDCVS43I.js?v=c067e6fd:19500:22)
    at http://localhost:1420/node_modules/.vite/deps/chunk-KDCVS43I.js?v=c067e6fd:19381:17 @ http://localhost:1420/src/pages/AiConfigPage.tsx:53
[  198119ms] [VERBOSE] [DOM] Password field is not contained in a form: (More info: https://goo.gl/9p2vKq) %o @ http://localhost:1420/ai-config:0
[  198446ms] [ERROR] TypeError: Cannot read properties of undefined (reading 'invoke')
    at invoke (http://localhost:1420/node_modules/.vite/deps/@tauri-apps_api_core.js?v=c18ccd54:111:37)
    at http://localhost:1420/src/pages/SettingsPage.tsx:42:26
    at http://localhost:1420/src/pages/SettingsPage.tsx:52:5
    at commitHookEffectListMount (http://localhost:1420/node_modules/.vite/deps/chunk-KDCVS43I.js?v=c067e6fd:16963:34)
    at commitPassiveMountOnFiber (http://localhost:1420/node_modules/.vite/deps/chunk-KDCVS43I.js?v=c067e6fd:18206:19)
    at commitPassiveMountEffects_complete (http://localhost:1420/node_modules/.vite/deps/chunk-KDCVS43I.js?v=c067e6fd:18179:17)
    at commitPassiveMountEffects_begin (http://localhost:1420/node_modules/.vite/deps/chunk-KDCVS43I.js?v=c067e6fd:18169:15)
    at commitPassiveMountEffects (http://localhost:1420/node_modules/.vite/deps/chunk-KDCVS43I.js?v=c067e6fd:18159:11)
    at flushPassiveEffectsImpl (http://localhost:1420/node_modules/.vite/deps/chunk-KDCVS43I.js?v=c067e6fd:19543:11)
    at flushPassiveEffects (http://localhost:1420/node_modules/.vite/deps/chunk-KDCVS43I.js?v=c067e6fd:19500:22) @ http://localhost:1420/src/pages/SettingsPage.tsx:45
[  198447ms] [ERROR] TypeError: Cannot read properties of undefined (reading 'invoke')
    at invoke (http://localhost:1420/node_modules/.vite/deps/@tauri-apps_api_core.js?v=c18ccd54:111:37)
    at http://localhost:1420/src/pages/SettingsPage.tsx:42:26
    at http://localhost:1420/src/pages/SettingsPage.tsx:52:5
    at commitHookEffectListMount (http://localhost:1420/node_modules/.vite/deps/chunk-KDCVS43I.js?v=c067e6fd:16963:34)
    at invokePassiveEffectMountInDEV (http://localhost:1420/node_modules/.vite/deps/chunk-KDCVS43I.js?v=c067e6fd:18374:19)
    at invokeEffectsInDev (http://localhost:1420/node_modules/.vite/deps/chunk-KDCVS43I.js?v=c067e6fd:19754:19)
    at commitDoubleInvokeEffectsInDEV (http://localhost:1420/node_modules/.vite/deps/chunk-KDCVS43I.js?v=c067e6fd:19739:15)
    at flushPassiveEffectsImpl (http://localhost:1420/node_modules/.vite/deps/chunk-KDCVS43I.js?v=c067e6fd:19556:13)
    at flushPassiveEffects (http://localhost:1420/node_modules/.vite/deps/chunk-KDCVS43I.js?v=c067e6fd:19500:22)
    at http://localhost:1420/node_modules/.vite/deps/chunk-KDCVS43I.js?v=c067e6fd:19381:17 @ http://localhost:1420/src/pages/SettingsPage.tsx:45
[  199089ms] [ERROR] TypeError: Cannot read properties of undefined (reading 'invoke')
    at invoke (http://localhost:1420/node_modules/.vite/deps/@tauri-apps_api_core.js?v=c18ccd54:111:37)
    at http://localhost:1420/src/pages/DevicesPage.tsx?t=1780022521852:57:24
    at http://localhost:1420/src/pages/DevicesPage.tsx?t=1780022521852:65:5
    at commitHookEffectListMount (http://localhost:1420/node_modules/.vite/deps/chunk-KDCVS43I.js?v=c067e6fd:16963:34)
    at commitPassiveMountOnFiber (http://localhost:1420/node_modules/.vite/deps/chunk-KDCVS43I.js?v=c067e6fd:18206:19)
    at commitPassiveMountEffects_complete (http://localhost:1420/node_modules/.vite/deps/chunk-KDCVS43I.js?v=c067e6fd:18179:17)
    at commitPassiveMountEffects_begin (http://localhost:1420/node_modules/.vite/deps/chunk-KDCVS43I.js?v=c067e6fd:18169:15)
    at commitPassiveMountEffects (http://localhost:1420/node_modules/.vite/deps/chunk-KDCVS43I.js?v=c067e6fd:18159:11)
    at flushPassiveEffectsImpl (http://localhost:1420/node_modules/.vite/deps/chunk-KDCVS43I.js?v=c067e6fd:19543:11)
    at flushPassiveEffects (http://localhost:1420/node_modules/.vite/deps/chunk-KDCVS43I.js?v=c067e6fd:19500:22) @ http://localhost:1420/src/pages/DevicesPage.tsx?t=1780022521852:58
[  199089ms] [ERROR] TypeError: Cannot read properties of undefined (reading 'invoke')
    at invoke (http://localhost:1420/node_modules/.vite/deps/@tauri-apps_api_core.js?v=c18ccd54:111:37)
    at http://localhost:1420/src/pages/DevicesPage.tsx?t=1780022521852:57:24
    at http://localhost:1420/src/pages/DevicesPage.tsx?t=1780022521852:65:5
    at commitHookEffectListMount (http://localhost:1420/node_modules/.vite/deps/chunk-KDCVS43I.js?v=c067e6fd:16963:34)
    at invokePassiveEffectMountInDEV (http://localhost:1420/node_modules/.vite/deps/chunk-KDCVS43I.js?v=c067e6fd:18374:19)
    at invokeEffectsInDev (http://localhost:1420/node_modules/.vite/deps/chunk-KDCVS43I.js?v=c067e6fd:19754:19)
    at commitDoubleInvokeEffectsInDEV (http://localhost:1420/node_modules/.vite/deps/chunk-KDCVS43I.js?v=c067e6fd:19739:15)
    at flushPassiveEffectsImpl (http://localhost:1420/node_modules/.vite/deps/chunk-KDCVS43I.js?v=c067e6fd:19556:13)
    at flushPassiveEffects (http://localhost:1420/node_modules/.vite/deps/chunk-KDCVS43I.js?v=c067e6fd:19500:22)
    at http://localhost:1420/node_modules/.vite/deps/chunk-KDCVS43I.js?v=c067e6fd:19381:17 @ http://localhost:1420/src/pages/DevicesPage.tsx?t=1780022521852:58
[  199587ms] [ERROR] TypeError: Cannot read properties of undefined (reading 'invoke')
    at invoke (http://localhost:1420/node_modules/.vite/deps/@tauri-apps_api_core.js?v=c18ccd54:111:37)
    at http://localhost:1420/src/pages/TemplatesPage.tsx?t=1780022532771:58:11
    at http://localhost:1420/src/pages/TemplatesPage.tsx?t=1780022532771:71:5
    at commitHookEffectListMount (http://localhost:1420/node_modules/.vite/deps/chunk-KDCVS43I.js?v=c067e6fd:16963:34)
    at commitPassiveMountOnFiber (http://localhost:1420/node_modules/.vite/deps/chunk-KDCVS43I.js?v=c067e6fd:18206:19)
    at commitPassiveMountEffects_complete (http://localhost:1420/node_modules/.vite/deps/chunk-KDCVS43I.js?v=c067e6fd:18179:17)
    at commitPassiveMountEffects_begin (http://localhost:1420/node_modules/.vite/deps/chunk-KDCVS43I.js?v=c067e6fd:18169:15)
    at commitPassiveMountEffects (http://localhost:1420/node_modules/.vite/deps/chunk-KDCVS43I.js?v=c067e6fd:18159:11)
    at flushPassiveEffectsImpl (http://localhost:1420/node_modules/.vite/deps/chunk-KDCVS43I.js?v=c067e6fd:19543:11)
    at flushPassiveEffects (http://localhost:1420/node_modules/.vite/deps/chunk-KDCVS43I.js?v=c067e6fd:19500:22) @ http://localhost:1420/src/pages/TemplatesPage.tsx?t=1780022532771:64
[  199587ms] [ERROR] TypeError: Cannot read properties of undefined (reading 'invoke')
    at invoke (http://localhost:1420/node_modules/.vite/deps/@tauri-apps_api_core.js?v=c18ccd54:111:37)
    at http://localhost:1420/src/pages/TemplatesPage.tsx?t=1780022532771:58:11
    at http://localhost:1420/src/pages/TemplatesPage.tsx?t=1780022532771:71:5
    at commitHookEffectListMount (http://localhost:1420/node_modules/.vite/deps/chunk-KDCVS43I.js?v=c067e6fd:16963:34)
    at invokePassiveEffectMountInDEV (http://localhost:1420/node_modules/.vite/deps/chunk-KDCVS43I.js?v=c067e6fd:18374:19)
    at invokeEffectsInDev (http://localhost:1420/node_modules/.vite/deps/chunk-KDCVS43I.js?v=c067e6fd:19754:19)
    at commitDoubleInvokeEffectsInDEV (http://localhost:1420/node_modules/.vite/deps/chunk-KDCVS43I.js?v=c067e6fd:19739:15)
    at flushPassiveEffectsImpl (http://localhost:1420/node_modules/.vite/deps/chunk-KDCVS43I.js?v=c067e6fd:19556:13)
    at flushPassiveEffects (http://localhost:1420/node_modules/.vite/deps/chunk-KDCVS43I.js?v=c067e6fd:19500:22)
    at http://localhost:1420/node_modules/.vite/deps/chunk-KDCVS43I.js?v=c067e6fd:19381:17 @ http://localhost:1420/src/pages/TemplatesPage.tsx?t=1780022532771:64
[  200044ms] [ERROR] TypeError: Cannot read properties of undefined (reading 'invoke')
    at invoke (http://localhost:1420/node_modules/.vite/deps/@tauri-apps_api_core.js?v=c18ccd54:111:37)
    at http://localhost:1420/src/pages/InspectionPage.tsx:56:11
    at http://localhost:1420/src/pages/InspectionPage.tsx:69:5
    at commitHookEffectListMount (http://localhost:1420/node_modules/.vite/deps/chunk-KDCVS43I.js?v=c067e6fd:16963:34)
    at commitPassiveMountOnFiber (http://localhost:1420/node_modules/.vite/deps/chunk-KDCVS43I.js?v=c067e6fd:18206:19)
    at commitPassiveMountEffects_complete (http://localhost:1420/node_modules/.vite/deps/chunk-KDCVS43I.js?v=c067e6fd:18179:17)
    at commitPassiveMountEffects_begin (http://localhost:1420/node_modules/.vite/deps/chunk-KDCVS43I.js?v=c067e6fd:18169:15)
    at commitPassiveMountEffects (http://localhost:1420/node_modules/.vite/deps/chunk-KDCVS43I.js?v=c067e6fd:18159:11)
    at flushPassiveEffectsImpl (http://localhost:1420/node_modules/.vite/deps/chunk-KDCVS43I.js?v=c067e6fd:19543:11)
    at flushPassiveEffects (http://localhost:1420/node_modules/.vite/deps/chunk-KDCVS43I.js?v=c067e6fd:19500:22) @ http://localhost:1420/src/pages/InspectionPage.tsx:62
[  200045ms] [ERROR] TypeError: Cannot read properties of undefined (reading 'invoke')
    at invoke (http://localhost:1420/node_modules/.vite/deps/@tauri-apps_api_core.js?v=c18ccd54:111:37)
    at http://localhost:1420/src/pages/InspectionPage.tsx:56:11
    at http://localhost:1420/src/pages/InspectionPage.tsx:69:5
    at commitHookEffectListMount (http://localhost:1420/node_modules/.vite/deps/chunk-KDCVS43I.js?v=c067e6fd:16963:34)
    at invokePassiveEffectMountInDEV (http://localhost:1420/node_modules/.vite/deps/chunk-KDCVS43I.js?v=c067e6fd:18374:19)
    at invokeEffectsInDev (http://localhost:1420/node_modules/.vite/deps/chunk-KDCVS43I.js?v=c067e6fd:19754:19)
    at commitDoubleInvokeEffectsInDEV (http://localhost:1420/node_modules/.vite/deps/chunk-KDCVS43I.js?v=c067e6fd:19739:15)
    at flushPassiveEffectsImpl (http://localhost:1420/node_modules/.vite/deps/chunk-KDCVS43I.js?v=c067e6fd:19556:13)
    at flushPassiveEffects (http://localhost:1420/node_modules/.vite/deps/chunk-KDCVS43I.js?v=c067e6fd:19500:22)
    at http://localhost:1420/node_modules/.vite/deps/chunk-KDCVS43I.js?v=c067e6fd:19381:17 @ http://localhost:1420/src/pages/InspectionPage.tsx:62
[  200535ms] [ERROR] TypeError: Cannot read properties of undefined (reading 'invoke')
    at invoke (http://localhost:1420/node_modules/.vite/deps/@tauri-apps_api_core.js?v=c18ccd54:111:37)
    at http://localhost:1420/src/pages/ReportsPage.tsx:143:11
    at http://localhost:1420/src/pages/ReportsPage.tsx:156:5
    at commitHookEffectListMount (http://localhost:1420/node_modules/.vite/deps/chunk-KDCVS43I.js?v=c067e6fd:16963:34)
    at commitPassiveMountOnFiber (http://localhost:1420/node_modules/.vite/deps/chunk-KDCVS43I.js?v=c067e6fd:18206:19)
    at commitPassiveMountEffects_complete (http://localhost:1420/node_modules/.vite/deps/chunk-KDCVS43I.js?v=c067e6fd:18179:17)
    at commitPassiveMountEffects_begin (http://localhost:1420/node_modules/.vite/deps/chunk-KDCVS43I.js?v=c067e6fd:18169:15)
    at commitPassiveMountEffects (http://localhost:1420/node_modules/.vite/deps/chunk-KDCVS43I.js?v=c067e6fd:18159:11)
    at flushPassiveEffectsImpl (http://localhost:1420/node_modules/.vite/deps/chunk-KDCVS43I.js?v=c067e6fd:19543:11)
    at flushPassiveEffects (http://localhost:1420/node_modules/.vite/deps/chunk-KDCVS43I.js?v=c067e6fd:19500:22) @ http://localhost:1420/src/pages/ReportsPage.tsx:149
[  200535ms] [ERROR] TypeError: Cannot read properties of undefined (reading 'invoke')
    at invoke (http://localhost:1420/node_modules/.vite/deps/@tauri-apps_api_core.js?v=c18ccd54:111:37)
    at http://localhost:1420/src/pages/ReportsPage.tsx:143:11
    at http://localhost:1420/src/pages/ReportsPage.tsx:156:5
    at commitHookEffectListMount (http://localhost:1420/node_modules/.vite/deps/chunk-KDCVS43I.js?v=c067e6fd:16963:34)
    at invokePassiveEffectMountInDEV (http://localhost:1420/node_modules/.vite/deps/chunk-KDCVS43I.js?v=c067e6fd:18374:19)
    at invokeEffectsInDev (http://localhost:1420/node_modules/.vite/deps/chunk-KDCVS43I.js?v=c067e6fd:19754:19)
    at commitDoubleInvokeEffectsInDEV (http://localhost:1420/node_modules/.vite/deps/chunk-KDCVS43I.js?v=c067e6fd:19739:15)
    at flushPassiveEffectsImpl (http://localhost:1420/node_modules/.vite/deps/chunk-KDCVS43I.js?v=c067e6fd:19556:13)
    at flushPassiveEffects (http://localhost:1420/node_modules/.vite/deps/chunk-KDCVS43I.js?v=c067e6fd:19500:22)
    at http://localhost:1420/node_modules/.vite/deps/chunk-KDCVS43I.js?v=c067e6fd:19381:17 @ http://localhost:1420/src/pages/ReportsPage.tsx:149
[  200980ms] [ERROR] TypeError: Cannot read properties of undefined (reading 'invoke')
    at invoke (http://localhost:1420/node_modules/.vite/deps/@tauri-apps_api_core.js?v=c18ccd54:111:37)
    at http://localhost:1420/src/pages/AiConfigPage.tsx:51:26
    at http://localhost:1420/src/pages/AiConfigPage.tsx:60:5
    at commitHookEffectListMount (http://localhost:1420/node_modules/.vite/deps/chunk-KDCVS43I.js?v=c067e6fd:16963:34)
    at commitPassiveMountOnFiber (http://localhost:1420/node_modules/.vite/deps/chunk-KDCVS43I.js?v=c067e6fd:18206:19)
    at commitPassiveMountEffects_complete (http://localhost:1420/node_modules/.vite/deps/chunk-KDCVS43I.js?v=c067e6fd:18179:17)
    at commitPassiveMountEffects_begin (http://localhost:1420/node_modules/.vite/deps/chunk-KDCVS43I.js?v=c067e6fd:18169:15)
    at commitPassiveMountEffects (http://localhost:1420/node_modules/.vite/deps/chunk-KDCVS43I.js?v=c067e6fd:18159:11)
    at flushPassiveEffectsImpl (http://localhost:1420/node_modules/.vite/deps/chunk-KDCVS43I.js?v=c067e6fd:19543:11)
    at flushPassiveEffects (http://localhost:1420/node_modules/.vite/deps/chunk-KDCVS43I.js?v=c067e6fd:19500:22) @ http://localhost:1420/src/pages/AiConfigPage.tsx:53
[  200981ms] [ERROR] TypeError: Cannot read properties of undefined (reading 'invoke')
    at invoke (http://localhost:1420/node_modules/.vite/deps/@tauri-apps_api_core.js?v=c18ccd54:111:37)
    at http://localhost:1420/src/pages/AiConfigPage.tsx:51:26
    at http://localhost:1420/src/pages/AiConfigPage.tsx:60:5
    at commitHookEffectListMount (http://localhost:1420/node_modules/.vite/deps/chunk-KDCVS43I.js?v=c067e6fd:16963:34)
    at invokePassiveEffectMountInDEV (http://localhost:1420/node_modules/.vite/deps/chunk-KDCVS43I.js?v=c067e6fd:18374:19)
    at invokeEffectsInDev (http://localhost:1420/node_modules/.vite/deps/chunk-KDCVS43I.js?v=c067e6fd:19754:19)
    at commitDoubleInvokeEffectsInDEV (http://localhost:1420/node_modules/.vite/deps/chunk-KDCVS43I.js?v=c067e6fd:19739:15)
    at flushPassiveEffectsImpl (http://localhost:1420/node_modules/.vite/deps/chunk-KDCVS43I.js?v=c067e6fd:19556:13)
    at flushPassiveEffects (http://localhost:1420/node_modules/.vite/deps/chunk-KDCVS43I.js?v=c067e6fd:19500:22)
    at http://localhost:1420/node_modules/.vite/deps/chunk-KDCVS43I.js?v=c067e6fd:19381:17 @ http://localhost:1420/src/pages/AiConfigPage.tsx:53
[  201085ms] [VERBOSE] [DOM] Password field is not contained in a form: (More info: https://goo.gl/9p2vKq) %o @ http://localhost:1420/ai-config:0
[  201440ms] [ERROR] TypeError: Cannot read properties of undefined (reading 'invoke')
    at invoke (http://localhost:1420/node_modules/.vite/deps/@tauri-apps_api_core.js?v=c18ccd54:111:37)
    at http://localhost:1420/src/pages/SettingsPage.tsx:42:26
    at http://localhost:1420/src/pages/SettingsPage.tsx:52:5
    at commitHookEffectListMount (http://localhost:1420/node_modules/.vite/deps/chunk-KDCVS43I.js?v=c067e6fd:16963:34)
    at commitPassiveMountOnFiber (http://localhost:1420/node_modules/.vite/deps/chunk-KDCVS43I.js?v=c067e6fd:18206:19)
    at commitPassiveMountEffects_complete (http://localhost:1420/node_modules/.vite/deps/chunk-KDCVS43I.js?v=c067e6fd:18179:17)
    at commitPassiveMountEffects_begin (http://localhost:1420/node_modules/.vite/deps/chunk-KDCVS43I.js?v=c067e6fd:18169:15)
    at commitPassiveMountEffects (http://localhost:1420/node_modules/.vite/deps/chunk-KDCVS43I.js?v=c067e6fd:18159:11)
    at flushPassiveEffectsImpl (http://localhost:1420/node_modules/.vite/deps/chunk-KDCVS43I.js?v=c067e6fd:19543:11)
    at flushPassiveEffects (http://localhost:1420/node_modules/.vite/deps/chunk-KDCVS43I.js?v=c067e6fd:19500:22) @ http://localhost:1420/src/pages/SettingsPage.tsx:45
[  201440ms] [ERROR] TypeError: Cannot read properties of undefined (reading 'invoke')
    at invoke (http://localhost:1420/node_modules/.vite/deps/@tauri-apps_api_core.js?v=c18ccd54:111:37)
    at http://localhost:1420/src/pages/SettingsPage.tsx:42:26
    at http://localhost:1420/src/pages/SettingsPage.tsx:52:5
    at commitHookEffectListMount (http://localhost:1420/node_modules/.vite/deps/chunk-KDCVS43I.js?v=c067e6fd:16963:34)
    at invokePassiveEffectMountInDEV (http://localhost:1420/node_modules/.vite/deps/chunk-KDCVS43I.js?v=c067e6fd:18374:19)
    at invokeEffectsInDev (http://localhost:1420/node_modules/.vite/deps/chunk-KDCVS43I.js?v=c067e6fd:19754:19)
    at commitDoubleInvokeEffectsInDEV (http://localhost:1420/node_modules/.vite/deps/chunk-KDCVS43I.js?v=c067e6fd:19739:15)
    at flushPassiveEffectsImpl (http://localhost:1420/node_modules/.vite/deps/chunk-KDCVS43I.js?v=c067e6fd:19556:13)
    at flushPassiveEffects (http://localhost:1420/node_modules/.vite/deps/chunk-KDCVS43I.js?v=c067e6fd:19500:22)
    at http://localhost:1420/node_modules/.vite/deps/chunk-KDCVS43I.js?v=c067e6fd:19381:17 @ http://localhost:1420/src/pages/SettingsPage.tsx:45
[  201997ms] [ERROR] TypeError: Cannot read properties of undefined (reading 'invoke')
    at invoke (http://localhost:1420/node_modules/.vite/deps/@tauri-apps_api_core.js?v=c18ccd54:111:37)
    at http://localhost:1420/src/pages/AiConfigPage.tsx:51:26
    at http://localhost:1420/src/pages/AiConfigPage.tsx:60:5
    at commitHookEffectListMount (http://localhost:1420/node_modules/.vite/deps/chunk-KDCVS43I.js?v=c067e6fd:16963:34)
    at commitPassiveMountOnFiber (http://localhost:1420/node_modules/.vite/deps/chunk-KDCVS43I.js?v=c067e6fd:18206:19)
    at commitPassiveMountEffects_complete (http://localhost:1420/node_modules/.vite/deps/chunk-KDCVS43I.js?v=c067e6fd:18179:17)
    at commitPassiveMountEffects_begin (http://localhost:1420/node_modules/.vite/deps/chunk-KDCVS43I.js?v=c067e6fd:18169:15)
    at commitPassiveMountEffects (http://localhost:1420/node_modules/.vite/deps/chunk-KDCVS43I.js?v=c067e6fd:18159:11)
    at flushPassiveEffectsImpl (http://localhost:1420/node_modules/.vite/deps/chunk-KDCVS43I.js?v=c067e6fd:19543:11)
    at flushPassiveEffects (http://localhost:1420/node_modules/.vite/deps/chunk-KDCVS43I.js?v=c067e6fd:19500:22) @ http://localhost:1420/src/pages/AiConfigPage.tsx:53
[  201997ms] [ERROR] TypeError: Cannot read properties of undefined (reading 'invoke')
    at invoke (http://localhost:1420/node_modules/.vite/deps/@tauri-apps_api_core.js?v=c18ccd54:111:37)
    at http://localhost:1420/src/pages/AiConfigPage.tsx:51:26
    at http://localhost:1420/src/pages/AiConfigPage.tsx:60:5
    at commitHookEffectListMount (http://localhost:1420/node_modules/.vite/deps/chunk-KDCVS43I.js?v=c067e6fd:16963:34)
    at invokePassiveEffectMountInDEV (http://localhost:1420/node_modules/.vite/deps/chunk-KDCVS43I.js?v=c067e6fd:18374:19)
    at invokeEffectsInDev (http://localhost:1420/node_modules/.vite/deps/chunk-KDCVS43I.js?v=c067e6fd:19754:19)
    at commitDoubleInvokeEffectsInDEV (http://localhost:1420/node_modules/.vite/deps/chunk-KDCVS43I.js?v=c067e6fd:19739:15)
    at flushPassiveEffectsImpl (http://localhost:1420/node_modules/.vite/deps/chunk-KDCVS43I.js?v=c067e6fd:19556:13)
    at flushPassiveEffects (http://localhost:1420/node_modules/.vite/deps/chunk-KDCVS43I.js?v=c067e6fd:19500:22)
    at http://localhost:1420/node_modules/.vite/deps/chunk-KDCVS43I.js?v=c067e6fd:19381:17 @ http://localhost:1420/src/pages/AiConfigPage.tsx:53
[  202099ms] [VERBOSE] [DOM] Password field is not contained in a form: (More info: https://goo.gl/9p2vKq) %o @ http://localhost:1420/ai-config:0
[  202428ms] [ERROR] TypeError: Cannot read properties of undefined (reading 'invoke')
    at invoke (http://localhost:1420/node_modules/.vite/deps/@tauri-apps_api_core.js?v=c18ccd54:111:37)
    at http://localhost:1420/src/pages/ReportsPage.tsx:143:11
    at http://localhost:1420/src/pages/ReportsPage.tsx:156:5
    at commitHookEffectListMount (http://localhost:1420/node_modules/.vite/deps/chunk-KDCVS43I.js?v=c067e6fd:16963:34)
    at commitPassiveMountOnFiber (http://localhost:1420/node_modules/.vite/deps/chunk-KDCVS43I.js?v=c067e6fd:18206:19)
    at commitPassiveMountEffects_complete (http://localhost:1420/node_modules/.vite/deps/chunk-KDCVS43I.js?v=c067e6fd:18179:17)
    at commitPassiveMountEffects_begin (http://localhost:1420/node_modules/.vite/deps/chunk-KDCVS43I.js?v=c067e6fd:18169:15)
    at commitPassiveMountEffects (http://localhost:1420/node_modules/.vite/deps/chunk-KDCVS43I.js?v=c067e6fd:18159:11)
    at flushPassiveEffectsImpl (http://localhost:1420/node_modules/.vite/deps/chunk-KDCVS43I.js?v=c067e6fd:19543:11)
    at flushPassiveEffects (http://localhost:1420/node_modules/.vite/deps/chunk-KDCVS43I.js?v=c067e6fd:19500:22) @ http://localhost:1420/src/pages/ReportsPage.tsx:149
[  202428ms] [ERROR] TypeError: Cannot read properties of undefined (reading 'invoke')
    at invoke (http://localhost:1420/node_modules/.vite/deps/@tauri-apps_api_core.js?v=c18ccd54:111:37)
    at http://localhost:1420/src/pages/ReportsPage.tsx:143:11
    at http://localhost:1420/src/pages/ReportsPage.tsx:156:5
    at commitHookEffectListMount (http://localhost:1420/node_modules/.vite/deps/chunk-KDCVS43I.js?v=c067e6fd:16963:34)
    at invokePassiveEffectMountInDEV (http://localhost:1420/node_modules/.vite/deps/chunk-KDCVS43I.js?v=c067e6fd:18374:19)
    at invokeEffectsInDev (http://localhost:1420/node_modules/.vite/deps/chunk-KDCVS43I.js?v=c067e6fd:19754:19)
    at commitDoubleInvokeEffectsInDEV (http://localhost:1420/node_modules/.vite/deps/chunk-KDCVS43I.js?v=c067e6fd:19739:15)
    at flushPassiveEffectsImpl (http://localhost:1420/node_modules/.vite/deps/chunk-KDCVS43I.js?v=c067e6fd:19556:13)
    at flushPassiveEffects (http://localhost:1420/node_modules/.vite/deps/chunk-KDCVS43I.js?v=c067e6fd:19500:22)
    at http://localhost:1420/node_modules/.vite/deps/chunk-KDCVS43I.js?v=c067e6fd:19381:17 @ http://localhost:1420/src/pages/ReportsPage.tsx:149
[  202834ms] [ERROR] TypeError: Cannot read properties of undefined (reading 'invoke')
    at invoke (http://localhost:1420/node_modules/.vite/deps/@tauri-apps_api_core.js?v=c18ccd54:111:37)
    at http://localhost:1420/src/pages/InspectionPage.tsx:56:11
    at http://localhost:1420/src/pages/InspectionPage.tsx:69:5
    at commitHookEffectListMount (http://localhost:1420/node_modules/.vite/deps/chunk-KDCVS43I.js?v=c067e6fd:16963:34)
    at commitPassiveMountOnFiber (http://localhost:1420/node_modules/.vite/deps/chunk-KDCVS43I.js?v=c067e6fd:18206:19)
    at commitPassiveMountEffects_complete (http://localhost:1420/node_modules/.vite/deps/chunk-KDCVS43I.js?v=c067e6fd:18179:17)
    at commitPassiveMountEffects_begin (http://localhost:1420/node_modules/.vite/deps/chunk-KDCVS43I.js?v=c067e6fd:18169:15)
    at commitPassiveMountEffects (http://localhost:1420/node_modules/.vite/deps/chunk-KDCVS43I.js?v=c067e6fd:18159:11)
    at flushPassiveEffectsImpl (http://localhost:1420/node_modules/.vite/deps/chunk-KDCVS43I.js?v=c067e6fd:19543:11)
    at flushPassiveEffects (http://localhost:1420/node_modules/.vite/deps/chunk-KDCVS43I.js?v=c067e6fd:19500:22) @ http://localhost:1420/src/pages/InspectionPage.tsx:62
[  202835ms] [ERROR] TypeError: Cannot read properties of undefined (reading 'invoke')
    at invoke (http://localhost:1420/node_modules/.vite/deps/@tauri-apps_api_core.js?v=c18ccd54:111:37)
    at http://localhost:1420/src/pages/InspectionPage.tsx:56:11
    at http://localhost:1420/src/pages/InspectionPage.tsx:69:5
    at commitHookEffectListMount (http://localhost:1420/node_modules/.vite/deps/chunk-KDCVS43I.js?v=c067e6fd:16963:34)
    at invokePassiveEffectMountInDEV (http://localhost:1420/node_modules/.vite/deps/chunk-KDCVS43I.js?v=c067e6fd:18374:19)
    at invokeEffectsInDev (http://localhost:1420/node_modules/.vite/deps/chunk-KDCVS43I.js?v=c067e6fd:19754:19)
    at commitDoubleInvokeEffectsInDEV (http://localhost:1420/node_modules/.vite/deps/chunk-KDCVS43I.js?v=c067e6fd:19739:15)
    at flushPassiveEffectsImpl (http://localhost:1420/node_modules/.vite/deps/chunk-KDCVS43I.js?v=c067e6fd:19556:13)
    at flushPassiveEffects (http://localhost:1420/node_modules/.vite/deps/chunk-KDCVS43I.js?v=c067e6fd:19500:22)
    at http://localhost:1420/node_modules/.vite/deps/chunk-KDCVS43I.js?v=c067e6fd:19381:17 @ http://localhost:1420/src/pages/InspectionPage.tsx:62
[  203238ms] [ERROR] TypeError: Cannot read properties of undefined (reading 'invoke')
    at invoke (http://localhost:1420/node_modules/.vite/deps/@tauri-apps_api_core.js?v=c18ccd54:111:37)
    at http://localhost:1420/src/pages/TemplatesPage.tsx?t=1780022532771:58:11
    at http://localhost:1420/src/pages/TemplatesPage.tsx?t=1780022532771:71:5
    at commitHookEffectListMount (http://localhost:1420/node_modules/.vite/deps/chunk-KDCVS43I.js?v=c067e6fd:16963:34)
    at commitPassiveMountOnFiber (http://localhost:1420/node_modules/.vite/deps/chunk-KDCVS43I.js?v=c067e6fd:18206:19)
    at commitPassiveMountEffects_complete (http://localhost:1420/node_modules/.vite/deps/chunk-KDCVS43I.js?v=c067e6fd:18179:17)
    at commitPassiveMountEffects_begin (http://localhost:1420/node_modules/.vite/deps/chunk-KDCVS43I.js?v=c067e6fd:18169:15)
    at commitPassiveMountEffects (http://localhost:1420/node_modules/.vite/deps/chunk-KDCVS43I.js?v=c067e6fd:18159:11)
    at flushPassiveEffectsImpl (http://localhost:1420/node_modules/.vite/deps/chunk-KDCVS43I.js?v=c067e6fd:19543:11)
    at flushPassiveEffects (http://localhost:1420/node_modules/.vite/deps/chunk-KDCVS43I.js?v=c067e6fd:19500:22) @ http://localhost:1420/src/pages/TemplatesPage.tsx?t=1780022532771:64
[  203239ms] [ERROR] TypeError: Cannot read properties of undefined (reading 'invoke')
    at invoke (http://localhost:1420/node_modules/.vite/deps/@tauri-apps_api_core.js?v=c18ccd54:111:37)
    at http://localhost:1420/src/pages/TemplatesPage.tsx?t=1780022532771:58:11
    at http://localhost:1420/src/pages/TemplatesPage.tsx?t=1780022532771:71:5
    at commitHookEffectListMount (http://localhost:1420/node_modules/.vite/deps/chunk-KDCVS43I.js?v=c067e6fd:16963:34)
    at invokePassiveEffectMountInDEV (http://localhost:1420/node_modules/.vite/deps/chunk-KDCVS43I.js?v=c067e6fd:18374:19)
    at invokeEffectsInDev (http://localhost:1420/node_modules/.vite/deps/chunk-KDCVS43I.js?v=c067e6fd:19754:19)
    at commitDoubleInvokeEffectsInDEV (http://localhost:1420/node_modules/.vite/deps/chunk-KDCVS43I.js?v=c067e6fd:19739:15)
    at flushPassiveEffectsImpl (http://localhost:1420/node_modules/.vite/deps/chunk-KDCVS43I.js?v=c067e6fd:19556:13)
    at flushPassiveEffects (http://localhost:1420/node_modules/.vite/deps/chunk-KDCVS43I.js?v=c067e6fd:19500:22)
    at http://localhost:1420/node_modules/.vite/deps/chunk-KDCVS43I.js?v=c067e6fd:19381:17 @ http://localhost:1420/src/pages/TemplatesPage.tsx?t=1780022532771:64
[  203687ms] [ERROR] TypeError: Cannot read properties of undefined (reading 'invoke')
    at invoke (http://localhost:1420/node_modules/.vite/deps/@tauri-apps_api_core.js?v=c18ccd54:111:37)
    at http://localhost:1420/src/pages/DevicesPage.tsx?t=1780022521852:57:24
    at http://localhost:1420/src/pages/DevicesPage.tsx?t=1780022521852:65:5
    at commitHookEffectListMount (http://localhost:1420/node_modules/.vite/deps/chunk-KDCVS43I.js?v=c067e6fd:16963:34)
    at commitPassiveMountOnFiber (http://localhost:1420/node_modules/.vite/deps/chunk-KDCVS43I.js?v=c067e6fd:18206:19)
    at commitPassiveMountEffects_complete (http://localhost:1420/node_modules/.vite/deps/chunk-KDCVS43I.js?v=c067e6fd:18179:17)
    at commitPassiveMountEffects_begin (http://localhost:1420/node_modules/.vite/deps/chunk-KDCVS43I.js?v=c067e6fd:18169:15)
    at commitPassiveMountEffects (http://localhost:1420/node_modules/.vite/deps/chunk-KDCVS43I.js?v=c067e6fd:18159:11)
    at flushPassiveEffectsImpl (http://localhost:1420/node_modules/.vite/deps/chunk-KDCVS43I.js?v=c067e6fd:19543:11)
    at flushPassiveEffects (http://localhost:1420/node_modules/.vite/deps/chunk-KDCVS43I.js?v=c067e6fd:19500:22) @ http://localhost:1420/src/pages/DevicesPage.tsx?t=1780022521852:58
[  203687ms] [ERROR] TypeError: Cannot read properties of undefined (reading 'invoke')
    at invoke (http://localhost:1420/node_modules/.vite/deps/@tauri-apps_api_core.js?v=c18ccd54:111:37)
    at http://localhost:1420/src/pages/DevicesPage.tsx?t=1780022521852:57:24
    at http://localhost:1420/src/pages/DevicesPage.tsx?t=1780022521852:65:5
    at commitHookEffectListMount (http://localhost:1420/node_modules/.vite/deps/chunk-KDCVS43I.js?v=c067e6fd:16963:34)
    at invokePassiveEffectMountInDEV (http://localhost:1420/node_modules/.vite/deps/chunk-KDCVS43I.js?v=c067e6fd:18374:19)
    at invokeEffectsInDev (http://localhost:1420/node_modules/.vite/deps/chunk-KDCVS43I.js?v=c067e6fd:19754:19)
    at commitDoubleInvokeEffectsInDEV (http://localhost:1420/node_modules/.vite/deps/chunk-KDCVS43I.js?v=c067e6fd:19739:15)
    at flushPassiveEffectsImpl (http://localhost:1420/node_modules/.vite/deps/chunk-KDCVS43I.js?v=c067e6fd:19556:13)
    at flushPassiveEffects (http://localhost:1420/node_modules/.vite/deps/chunk-KDCVS43I.js?v=c067e6fd:19500:22)
    at http://localhost:1420/node_modules/.vite/deps/chunk-KDCVS43I.js?v=c067e6fd:19381:17 @ http://localhost:1420/src/pages/DevicesPage.tsx?t=1780022521852:58
[  204259ms] [ERROR] TypeError: Cannot read properties of undefined (reading 'invoke')
    at invoke (http://localhost:1420/node_modules/.vite/deps/@tauri-apps_api_core.js?v=c18ccd54:111:37)
    at http://localhost:1420/src/pages/TemplatesPage.tsx?t=1780022532771:58:11
    at http://localhost:1420/src/pages/TemplatesPage.tsx?t=1780022532771:71:5
    at commitHookEffectListMount (http://localhost:1420/node_modules/.vite/deps/chunk-KDCVS43I.js?v=c067e6fd:16963:34)
    at commitPassiveMountOnFiber (http://localhost:1420/node_modules/.vite/deps/chunk-KDCVS43I.js?v=c067e6fd:18206:19)
    at commitPassiveMountEffects_complete (http://localhost:1420/node_modules/.vite/deps/chunk-KDCVS43I.js?v=c067e6fd:18179:17)
    at commitPassiveMountEffects_begin (http://localhost:1420/node_modules/.vite/deps/chunk-KDCVS43I.js?v=c067e6fd:18169:15)
    at commitPassiveMountEffects (http://localhost:1420/node_modules/.vite/deps/chunk-KDCVS43I.js?v=c067e6fd:18159:11)
    at flushPassiveEffectsImpl (http://localhost:1420/node_modules/.vite/deps/chunk-KDCVS43I.js?v=c067e6fd:19543:11)
    at flushPassiveEffects (http://localhost:1420/node_modules/.vite/deps/chunk-KDCVS43I.js?v=c067e6fd:19500:22) @ http://localhost:1420/src/pages/TemplatesPage.tsx?t=1780022532771:64
[  204259ms] [ERROR] TypeError: Cannot read properties of undefined (reading 'invoke')
    at invoke (http://localhost:1420/node_modules/.vite/deps/@tauri-apps_api_core.js?v=c18ccd54:111:37)
    at http://localhost:1420/src/pages/TemplatesPage.tsx?t=1780022532771:58:11
    at http://localhost:1420/src/pages/TemplatesPage.tsx?t=1780022532771:71:5
    at commitHookEffectListMount (http://localhost:1420/node_modules/.vite/deps/chunk-KDCVS43I.js?v=c067e6fd:16963:34)
    at invokePassiveEffectMountInDEV (http://localhost:1420/node_modules/.vite/deps/chunk-KDCVS43I.js?v=c067e6fd:18374:19)
    at invokeEffectsInDev (http://localhost:1420/node_modules/.vite/deps/chunk-KDCVS43I.js?v=c067e6fd:19754:19)
    at commitDoubleInvokeEffectsInDEV (http://localhost:1420/node_modules/.vite/deps/chunk-KDCVS43I.js?v=c067e6fd:19739:15)
    at flushPassiveEffectsImpl (http://localhost:1420/node_modules/.vite/deps/chunk-KDCVS43I.js?v=c067e6fd:19556:13)
    at flushPassiveEffects (http://localhost:1420/node_modules/.vite/deps/chunk-KDCVS43I.js?v=c067e6fd:19500:22)
    at http://localhost:1420/node_modules/.vite/deps/chunk-KDCVS43I.js?v=c067e6fd:19381:17 @ http://localhost:1420/src/pages/TemplatesPage.tsx?t=1780022532771:64
[  204756ms] [ERROR] TypeError: Cannot read properties of undefined (reading 'invoke')
    at invoke (http://localhost:1420/node_modules/.vite/deps/@tauri-apps_api_core.js?v=c18ccd54:111:37)
    at http://localhost:1420/src/pages/InspectionPage.tsx:56:11
    at http://localhost:1420/src/pages/InspectionPage.tsx:69:5
    at commitHookEffectListMount (http://localhost:1420/node_modules/.vite/deps/chunk-KDCVS43I.js?v=c067e6fd:16963:34)
    at commitPassiveMountOnFiber (http://localhost:1420/node_modules/.vite/deps/chunk-KDCVS43I.js?v=c067e6fd:18206:19)
    at commitPassiveMountEffects_complete (http://localhost:1420/node_modules/.vite/deps/chunk-KDCVS43I.js?v=c067e6fd:18179:17)
    at commitPassiveMountEffects_begin (http://localhost:1420/node_modules/.vite/deps/chunk-KDCVS43I.js?v=c067e6fd:18169:15)
    at commitPassiveMountEffects (http://localhost:1420/node_modules/.vite/deps/chunk-KDCVS43I.js?v=c067e6fd:18159:11)
    at flushPassiveEffectsImpl (http://localhost:1420/node_modules/.vite/deps/chunk-KDCVS43I.js?v=c067e6fd:19543:11)
    at flushPassiveEffects (http://localhost:1420/node_modules/.vite/deps/chunk-KDCVS43I.js?v=c067e6fd:19500:22) @ http://localhost:1420/src/pages/InspectionPage.tsx:62
[  204756ms] [ERROR] TypeError: Cannot read properties of undefined (reading 'invoke')
    at invoke (http://localhost:1420/node_modules/.vite/deps/@tauri-apps_api_core.js?v=c18ccd54:111:37)
    at http://localhost:1420/src/pages/InspectionPage.tsx:56:11
    at http://localhost:1420/src/pages/InspectionPage.tsx:69:5
    at commitHookEffectListMount (http://localhost:1420/node_modules/.vite/deps/chunk-KDCVS43I.js?v=c067e6fd:16963:34)
    at invokePassiveEffectMountInDEV (http://localhost:1420/node_modules/.vite/deps/chunk-KDCVS43I.js?v=c067e6fd:18374:19)
    at invokeEffectsInDev (http://localhost:1420/node_modules/.vite/deps/chunk-KDCVS43I.js?v=c067e6fd:19754:19)
    at commitDoubleInvokeEffectsInDEV (http://localhost:1420/node_modules/.vite/deps/chunk-KDCVS43I.js?v=c067e6fd:19739:15)
    at flushPassiveEffectsImpl (http://localhost:1420/node_modules/.vite/deps/chunk-KDCVS43I.js?v=c067e6fd:19556:13)
    at flushPassiveEffects (http://localhost:1420/node_modules/.vite/deps/chunk-KDCVS43I.js?v=c067e6fd:19500:22)
    at http://localhost:1420/node_modules/.vite/deps/chunk-KDCVS43I.js?v=c067e6fd:19381:17 @ http://localhost:1420/src/pages/InspectionPage.tsx:62
[  205288ms] [ERROR] TypeError: Cannot read properties of undefined (reading 'invoke')
    at invoke (http://localhost:1420/node_modules/.vite/deps/@tauri-apps_api_core.js?v=c18ccd54:111:37)
    at http://localhost:1420/src/pages/ReportsPage.tsx:143:11
    at http://localhost:1420/src/pages/ReportsPage.tsx:156:5
    at commitHookEffectListMount (http://localhost:1420/node_modules/.vite/deps/chunk-KDCVS43I.js?v=c067e6fd:16963:34)
    at commitPassiveMountOnFiber (http://localhost:1420/node_modules/.vite/deps/chunk-KDCVS43I.js?v=c067e6fd:18206:19)
    at commitPassiveMountEffects_complete (http://localhost:1420/node_modules/.vite/deps/chunk-KDCVS43I.js?v=c067e6fd:18179:17)
    at commitPassiveMountEffects_begin (http://localhost:1420/node_modules/.vite/deps/chunk-KDCVS43I.js?v=c067e6fd:18169:15)
    at commitPassiveMountEffects (http://localhost:1420/node_modules/.vite/deps/chunk-KDCVS43I.js?v=c067e6fd:18159:11)
    at flushPassiveEffectsImpl (http://localhost:1420/node_modules/.vite/deps/chunk-KDCVS43I.js?v=c067e6fd:19543:11)
    at flushPassiveEffects (http://localhost:1420/node_modules/.vite/deps/chunk-KDCVS43I.js?v=c067e6fd:19500:22) @ http://localhost:1420/src/pages/ReportsPage.tsx:149
[  205288ms] [ERROR] TypeError: Cannot read properties of undefined (reading 'invoke')
    at invoke (http://localhost:1420/node_modules/.vite/deps/@tauri-apps_api_core.js?v=c18ccd54:111:37)
    at http://localhost:1420/src/pages/ReportsPage.tsx:143:11
    at http://localhost:1420/src/pages/ReportsPage.tsx:156:5
    at commitHookEffectListMount (http://localhost:1420/node_modules/.vite/deps/chunk-KDCVS43I.js?v=c067e6fd:16963:34)
    at invokePassiveEffectMountInDEV (http://localhost:1420/node_modules/.vite/deps/chunk-KDCVS43I.js?v=c067e6fd:18374:19)
    at invokeEffectsInDev (http://localhost:1420/node_modules/.vite/deps/chunk-KDCVS43I.js?v=c067e6fd:19754:19)
    at commitDoubleInvokeEffectsInDEV (http://localhost:1420/node_modules/.vite/deps/chunk-KDCVS43I.js?v=c067e6fd:19739:15)
    at flushPassiveEffectsImpl (http://localhost:1420/node_modules/.vite/deps/chunk-KDCVS43I.js?v=c067e6fd:19556:13)
    at flushPassiveEffects (http://localhost:1420/node_modules/.vite/deps/chunk-KDCVS43I.js?v=c067e6fd:19500:22)
    at http://localhost:1420/node_modules/.vite/deps/chunk-KDCVS43I.js?v=c067e6fd:19381:17 @ http://localhost:1420/src/pages/ReportsPage.tsx:149
[  206086ms] [ERROR] TypeError: Cannot read properties of undefined (reading 'invoke')
    at invoke (http://localhost:1420/node_modules/.vite/deps/@tauri-apps_api_core.js?v=c18ccd54:111:37)
    at http://localhost:1420/src/pages/AiConfigPage.tsx:51:26
    at http://localhost:1420/src/pages/AiConfigPage.tsx:60:5
    at commitHookEffectListMount (http://localhost:1420/node_modules/.vite/deps/chunk-KDCVS43I.js?v=c067e6fd:16963:34)
    at commitPassiveMountOnFiber (http://localhost:1420/node_modules/.vite/deps/chunk-KDCVS43I.js?v=c067e6fd:18206:19)
    at commitPassiveMountEffects_complete (http://localhost:1420/node_modules/.vite/deps/chunk-KDCVS43I.js?v=c067e6fd:18179:17)
    at commitPassiveMountEffects_begin (http://localhost:1420/node_modules/.vite/deps/chunk-KDCVS43I.js?v=c067e6fd:18169:15)
    at commitPassiveMountEffects (http://localhost:1420/node_modules/.vite/deps/chunk-KDCVS43I.js?v=c067e6fd:18159:11)
    at flushPassiveEffectsImpl (http://localhost:1420/node_modules/.vite/deps/chunk-KDCVS43I.js?v=c067e6fd:19543:11)
    at flushPassiveEffects (http://localhost:1420/node_modules/.vite/deps/chunk-KDCVS43I.js?v=c067e6fd:19500:22) @ http://localhost:1420/src/pages/AiConfigPage.tsx:53
[  206086ms] [ERROR] TypeError: Cannot read properties of undefined (reading 'invoke')
    at invoke (http://localhost:1420/node_modules/.vite/deps/@tauri-apps_api_core.js?v=c18ccd54:111:37)
    at http://localhost:1420/src/pages/AiConfigPage.tsx:51:26
    at http://localhost:1420/src/pages/AiConfigPage.tsx:60:5
    at commitHookEffectListMount (http://localhost:1420/node_modules/.vite/deps/chunk-KDCVS43I.js?v=c067e6fd:16963:34)
    at invokePassiveEffectMountInDEV (http://localhost:1420/node_modules/.vite/deps/chunk-KDCVS43I.js?v=c067e6fd:18374:19)
    at invokeEffectsInDev (http://localhost:1420/node_modules/.vite/deps/chunk-KDCVS43I.js?v=c067e6fd:19754:19)
    at commitDoubleInvokeEffectsInDEV (http://localhost:1420/node_modules/.vite/deps/chunk-KDCVS43I.js?v=c067e6fd:19739:15)
    at flushPassiveEffectsImpl (http://localhost:1420/node_modules/.vite/deps/chunk-KDCVS43I.js?v=c067e6fd:19556:13)
    at flushPassiveEffects (http://localhost:1420/node_modules/.vite/deps/chunk-KDCVS43I.js?v=c067e6fd:19500:22)
    at http://localhost:1420/node_modules/.vite/deps/chunk-KDCVS43I.js?v=c067e6fd:19381:17 @ http://localhost:1420/src/pages/AiConfigPage.tsx:53
[  206191ms] [VERBOSE] [DOM] Password field is not contained in a form: (More info: https://goo.gl/9p2vKq) %o @ http://localhost:1420/ai-config:0
